<?xml version="1.0" encoding="UTF-8"?>
<!-- Generated by org.testng.reporters.JUnitReportReporter -->
<testsuite hostname="Tushar" failures="0" tests="1" name="com.tek.contact.ContactModuleTest" time="30.054" errors="0" timestamp="2025-06-11T16:23:50 IST" skipped="0">
  <testcase classname="com.tek.contact.ContactModuleTest" name="createContact" time="30.054"/>
  <system-out/>
</testsuite> <!-- com.tek.contact.ContactModuleTest -->
